2024-01-28 17:54:01,119 [INFO] Activator:176 - 


2024-01-28 17:54:01,126 [INFO] Activator:177 - !SESSION log4j initialized
2024-01-28 17:54:04,676 [INFO] LogOutputStream:77 - [STDOUT_REDIRECT] 
2024-01-28 17:54:08,734 [INFO] ApplicationProperties:184 - Using Application install path: /home/mathi/st/stm32cubeide_1.14.0_2/plugins/com.st.stm32cube.common.mx_6.10.0.202311202037
2024-01-28 17:54:08,749 [INFO] DbMcusXml:78 - Set database path to: /home/mathi/st/stm32cubeide_1.14.0_2/plugins/com.st.stm32cube.common.mx_6.10.0.202311202037//db//mcu/
2024-01-28 17:54:08,750 [INFO] ApiDb:274 - Set plugin database path to: /home/mathi/st/stm32cubeide_1.14.0_2/plugins/com.st.stm32cube.common.mx_6.10.0.202311202037//db//plugins/boardmanager/
2024-01-28 17:54:08,750 [WARN] ApiDb:259 - Overriding images path with different value:  => /home/mathi/st/stm32cubeide_1.14.0_2/plugins/com.st.stm32cube.common.mx_6.10.0.202311202037//db//plugins/mcufinder/images/
2024-01-28 17:54:08,757 [INFO] ApiDb:250 - Set database path to: /home/mathi/.stmcufinder/plugins/mcufinder//mcu/
2024-01-28 17:54:08,758 [INFO] DbMcusAds:125 - Set database path to: /home/mathi/.stmcufinder/plugins/mcufinder//mcu/
2024-01-28 17:54:08,760 [INFO] CrossReferenceDbSqlite:203 - Set database path to: /home/mathi/.stmcufinder/plugins/mcufinder//mcu/cs/
2024-01-28 17:54:08,869 [INFO] RulesReader:64 - Compatibility file has been processed (297 Rules)
2024-01-28 17:54:08,933 [INFO] DbMcusXml:78 - Set database path to: /home/mathi/st/stm32cubeide_1.14.0_2/plugins/com.st.stm32cube.common.mx_6.10.0.202311202037//db//mcu/
2024-01-28 17:54:08,933 [INFO] ApiDb:274 - Set plugin database path to: /home/mathi/st/stm32cubeide_1.14.0_2/plugins/com.st.stm32cube.common.mx_6.10.0.202311202037//db//plugins/boardmanager/
2024-01-28 17:54:08,933 [INFO] ApiDb:261 - Set plugin images path to: /home/mathi/st/stm32cubeide_1.14.0_2/plugins/com.st.stm32cube.common.mx_6.10.0.202311202037//db//plugins/mcufinder/images/
2024-01-28 17:54:08,933 [WARN] DbFile:41 - Overriding database path with different value: /home/mathi/.stmcufinder/plugins/mcufinder/ => /home/mathi/.stmcufinder/plugins/mcufinder
2024-01-28 17:54:08,934 [INFO] ApiDb:250 - Set database path to: /home/mathi/.stmcufinder/plugins/mcufinder//mcu/
2024-01-28 17:54:08,934 [WARN] DbFile:41 - Overriding database path with different value: /home/mathi/.stmcufinder/plugins/mcufinder/ => /home/mathi/.stmcufinder/plugins/mcufinder
2024-01-28 17:54:08,934 [INFO] DbMcusAds:125 - Set database path to: /home/mathi/.stmcufinder/plugins/mcufinder//mcu/
2024-01-28 17:54:08,934 [WARN] DbFile:41 - Overriding database path with different value: /home/mathi/.stmcufinder/plugins/mcufinder/ => /home/mathi/.stmcufinder/plugins/mcufinder
2024-01-28 17:54:08,934 [WARN] DbFile:41 - Overriding database path with different value: /home/mathi/.stmcufinder/plugins/mcufinder/ => /home/mathi/.stmcufinder/plugins/mcufinder
2024-01-28 17:54:08,934 [INFO] CrossReferenceDbSqlite:203 - Set database path to: /home/mathi/.stmcufinder/plugins/mcufinder//mcu/cs/
2024-01-28 17:54:09,008 [INFO] MainPanel:264 - HeapMemory: 268435456
2024-01-28 17:54:09,110 [INFO] DbMcusXml:78 - Set database path to: /home/mathi/st/stm32cubeide_1.14.0_2/plugins/com.st.stm32cube.common.mx_6.10.0.202311202037//db//mcu/
2024-01-28 17:54:09,110 [INFO] ApiDb:274 - Set plugin database path to: /home/mathi/st/stm32cubeide_1.14.0_2/plugins/com.st.stm32cube.common.mx_6.10.0.202311202037//db//plugins/boardmanager/
2024-01-28 17:54:09,110 [INFO] ApiDb:261 - Set plugin images path to: /home/mathi/st/stm32cubeide_1.14.0_2/plugins/com.st.stm32cube.common.mx_6.10.0.202311202037//db//plugins/mcufinder/images/
2024-01-28 17:54:09,110 [WARN] DbFile:41 - Overriding database path with different value: /home/mathi/.stmcufinder/plugins/mcufinder/ => /home/mathi/.stmcufinder/plugins/mcufinder
2024-01-28 17:54:09,110 [INFO] ApiDb:250 - Set database path to: /home/mathi/.stmcufinder/plugins/mcufinder//mcu/
2024-01-28 17:54:09,111 [WARN] DbFile:41 - Overriding database path with different value: /home/mathi/.stmcufinder/plugins/mcufinder/ => /home/mathi/.stmcufinder/plugins/mcufinder
2024-01-28 17:54:09,111 [INFO] DbMcusAds:125 - Set database path to: /home/mathi/.stmcufinder/plugins/mcufinder//mcu/
2024-01-28 17:54:09,111 [WARN] DbFile:41 - Overriding database path with different value: /home/mathi/.stmcufinder/plugins/mcufinder/ => /home/mathi/.stmcufinder/plugins/mcufinder
2024-01-28 17:54:09,111 [WARN] DbFile:41 - Overriding database path with different value: /home/mathi/.stmcufinder/plugins/mcufinder/ => /home/mathi/.stmcufinder/plugins/mcufinder
2024-01-28 17:54:09,111 [INFO] CrossReferenceDbSqlite:203 - Set database path to: /home/mathi/.stmcufinder/plugins/mcufinder//mcu/cs/
2024-01-28 17:54:09,127 [INFO] ApplicationProperties:184 - Using Application install path: /home/mathi/st/stm32cubeide_1.14.0_2/plugins/com.st.stm32cube.common.mx_6.10.0.202311202037
2024-01-28 17:54:09,129 [INFO] PluginManage:196 - Search for loadable plugins [exclusion list=, ]
2024-01-28 17:54:09,131 [INFO] PluginManage:310 - Check plugin analytics
2024-01-28 17:54:09,320 [INFO] AnalyticsPlugin:253 - Accepted Software Licenses: 
2024-01-28 17:54:09,321 [INFO] AnalyticsPlugin:255 - Accepted CMSIS Pack Licenses: 
2024-01-28 17:54:09,321 [INFO] AnalyticsPlugin:257 - Accepted Firmware Licenses: 
2024-01-28 17:54:09,325 [INFO] PluginManage:359 - Loaded plugin analytics (category:tool,tabindex:-1)
2024-01-28 17:54:09,326 [INFO] PluginManage:310 - Check plugin cadmodel
2024-01-28 17:54:09,397 [INFO] CADModel:105 - Init CAD model plugin
2024-01-28 17:54:09,397 [INFO] PluginManage:359 - Loaded plugin cadmodel (category:power,tabindex:5)
2024-01-28 17:54:09,397 [INFO] PluginManage:310 - Check plugin clock
2024-01-28 17:54:09,408 [INFO] PluginManage:359 - Loaded plugin clock (category:base,tabindex:2)
2024-01-28 17:54:09,409 [INFO] PluginManage:310 - Check plugin ddr
2024-01-28 17:54:09,411 [INFO] PluginManage:359 - Loaded plugin ddr (category:tool,tabindex:6)
2024-01-28 17:54:09,411 [INFO] PluginManage:310 - Check plugin filemanager
2024-01-28 17:54:09,547 [INFO] PluginManage:359 - Loaded plugin filemanager (category:base,tabindex:10)
2024-01-28 17:54:09,547 [INFO] PluginManage:310 - Check plugin ipmanager
2024-01-28 17:54:09,553 [INFO] PluginManage:359 - Loaded plugin ipmanager (category:base,tabindex:5)
2024-01-28 17:54:09,553 [INFO] PluginManage:310 - Check plugin lpbam
2024-01-28 17:54:09,563 [INFO] PluginManage:359 - Loaded plugin lpbam (category:base,tabindex:0)
2024-01-28 17:54:09,564 [INFO] PluginManage:310 - Check plugin memorymap
2024-01-28 17:54:09,578 [INFO] PluginManage:359 - Loaded plugin memorymap (category:base,tabindex:4)
2024-01-28 17:54:09,578 [INFO] PluginManage:310 - Check plugin pinoutandconfiguration
2024-01-28 17:54:09,585 [INFO] PluginManage:359 - Loaded plugin pinoutandconfiguration (category:base,tabindex:1)
2024-01-28 17:54:09,586 [INFO] PluginManage:310 - Check plugin pinoutconfig
2024-01-28 17:54:09,667 [WARN] SupportedApi:132 - Cannot load RTOS API schema: s4s-elt-must-match.1: The content of 'definitions' must match (annotation?, (simpleType | complexType)?, (unique | key | keyref)*)). A problem was found starting at: attribute.
2024-01-28 17:54:09,787 [INFO] PluginManage:359 - Loaded plugin pinoutconfig (category:base,tabindex:0)
2024-01-28 17:54:09,787 [INFO] PluginManage:310 - Check plugin power
2024-01-28 17:54:09,796 [INFO] PluginManage:359 - Loaded plugin power (category:power,tabindex:4)
2024-01-28 17:54:09,796 [INFO] PluginManage:310 - Check plugin projectmanager
2024-01-28 17:54:09,807 [INFO] PluginManage:359 - Loaded plugin projectmanager (category:projectmanager,tabindex:3)
2024-01-28 17:54:09,807 [INFO] PluginManage:310 - Check plugin thirdparty
2024-01-28 17:54:09,908 [INFO] PluginManage:359 - Loaded plugin thirdparty (category:base,tabindex:-1)
2024-01-28 17:54:09,909 [INFO] PluginManage:310 - Check plugin tools
2024-01-28 17:54:09,908 [WARN] IntegrityCheckThread:84 - waiting for thirdparty lock release [integrity check]
2024-01-28 17:54:09,909 [INFO] IntegrityCheckThread:86 - entering critical section [integrity check]
2024-01-28 17:54:09,909 [INFO] ThirdPartyUpdaterWithRetryManager:70 - Updater plugin not ready yet. [1/15]
2024-01-28 17:54:09,911 [INFO] PluginManage:359 - Loaded plugin tools (category:base,tabindex:7)
2024-01-28 17:54:09,911 [INFO] PluginManage:310 - Check plugin tutovideos
2024-01-28 17:54:10,056 [INFO] PluginManage:359 - Loaded plugin tutovideos (category:base,tabindex:-1)
2024-01-28 17:54:10,057 [INFO] PluginManage:310 - Check plugin updater
2024-01-28 17:54:10,068 [INFO] PluginManage:359 - Loaded plugin updater (category:base,tabindex:12)
2024-01-28 17:54:10,068 [INFO] PluginManage:310 - Check plugin userauth
2024-01-28 17:54:10,073 [INFO] UserAuth:114 - Init User Auth plugin
2024-01-28 17:54:10,073 [INFO] PluginManage:359 - Loaded plugin userauth (category:base,tabindex:14)
2024-01-28 17:54:10,073 [INFO] PluginManage:283 - PluginManage : Loaded plugins [17]
2024-01-28 17:54:10,254 [INFO] PinOutPanel:1499 - setPackage(No Configuration,No Configuration)
2024-01-28 17:54:10,319 [INFO] CADModel:165 - CPN selected for project level
2024-01-28 17:54:10,319 [INFO] CADModel:114 - Register for checkConnection events
2024-01-28 17:54:10,333 [INFO] IPUIPlugin:80 - create IPUIPlugin
2024-01-28 17:54:10,333 [INFO] PluginManager:220 - loadIPPluginJar : add gfxmmu
2024-01-28 17:54:10,337 [INFO] IPUIPlugin:80 - create IPUIPlugin
2024-01-28 17:54:10,337 [INFO] PluginManager:220 - loadIPPluginJar : add openamp
2024-01-28 17:54:10,343 [INFO] IPUIPlugin:80 - create IPUIPlugin
2024-01-28 17:54:10,343 [INFO] PluginManager:220 - loadIPPluginJar : add resmgrutility
2024-01-28 17:54:10,346 [INFO] IPUIPlugin:80 - create IPUIPlugin
2024-01-28 17:54:10,347 [INFO] PluginManager:220 - loadIPPluginJar : add usart
2024-01-28 17:54:10,350 [INFO] IPUIPlugin:80 - create IPUIPlugin
2024-01-28 17:54:10,350 [INFO] PluginManager:220 - loadIPPluginJar : add ipddr
2024-01-28 17:54:10,352 [INFO] IPUIPlugin:80 - create IPUIPlugin
2024-01-28 17:54:10,352 [INFO] PluginManager:220 - loadIPPluginJar : add genericplugin
2024-01-28 17:54:10,356 [INFO] IPUIPlugin:80 - create IPUIPlugin
2024-01-28 17:54:10,356 [INFO] PluginManager:220 - loadIPPluginJar : add sai
2024-01-28 17:54:10,359 [INFO] IPUIPlugin:80 - create IPUIPlugin
2024-01-28 17:54:10,360 [INFO] PluginManager:220 - loadIPPluginJar : add lorawan
2024-01-28 17:54:10,367 [INFO] IPUIPlugin:80 - create IPUIPlugin
2024-01-28 17:54:10,371 [INFO] PluginManager:220 - loadIPPluginJar : add plateformsettings
2024-01-28 17:54:10,374 [INFO] IPUIPlugin:80 - create IPUIPlugin
2024-01-28 17:54:10,374 [INFO] PluginManager:220 - loadIPPluginJar : add cryp
2024-01-28 17:54:10,377 [INFO] IPUIPlugin:80 - create IPUIPlugin
2024-01-28 17:54:10,377 [INFO] PluginManager:220 - loadIPPluginJar : add spi
2024-01-28 17:54:10,379 [INFO] IPUIPlugin:80 - create IPUIPlugin
2024-01-28 17:54:10,379 [INFO] PluginManager:220 - loadIPPluginJar : add ucpd
2024-01-28 17:54:10,385 [INFO] IPUIPlugin:80 - create IPUIPlugin
2024-01-28 17:54:10,385 [INFO] PluginManager:220 - loadIPPluginJar : add fmc
2024-01-28 17:54:10,389 [INFO] IPUIPlugin:80 - create IPUIPlugin
2024-01-28 17:54:10,389 [INFO] PluginManager:220 - loadIPPluginJar : add pdm2pcm
2024-01-28 17:54:10,391 [INFO] IPUIPlugin:80 - create IPUIPlugin
2024-01-28 17:54:10,391 [INFO] PluginManager:220 - loadIPPluginJar : add ts
2024-01-28 17:54:10,394 [INFO] IPUIPlugin:80 - create IPUIPlugin
2024-01-28 17:54:10,395 [INFO] PluginManager:220 - loadIPPluginJar : add dma3
2024-01-28 17:54:10,397 [INFO] IPUIPlugin:80 - create IPUIPlugin
2024-01-28 17:54:10,397 [INFO] PluginManager:220 - loadIPPluginJar : add dfsdm
2024-01-28 17:54:10,400 [INFO] IPUIPlugin:80 - create IPUIPlugin
2024-01-28 17:54:10,400 [INFO] PluginManager:220 - loadIPPluginJar : add i3c
2024-01-28 17:54:10,402 [INFO] IPUIPlugin:80 - create IPUIPlugin
2024-01-28 17:54:10,402 [INFO] PluginManager:220 - loadIPPluginJar : add tim
2024-01-28 17:54:10,408 [INFO] IPUIPlugin:80 - create IPUIPlugin
2024-01-28 17:54:10,408 [INFO] PluginManager:220 - loadIPPluginJar : add freertos
2024-01-28 17:54:10,411 [INFO] IPUIPlugin:80 - create IPUIPlugin
2024-01-28 17:54:10,411 [INFO] PluginManager:220 - loadIPPluginJar : add usbx
2024-01-28 17:54:10,414 [INFO] IPUIPlugin:80 - create IPUIPlugin
2024-01-28 17:54:10,414 [INFO] PluginManager:220 - loadIPPluginJar : add touchsensing
2024-01-28 17:54:10,416 [INFO] IPUIPlugin:80 - create IPUIPlugin
2024-01-28 17:54:10,416 [INFO] PluginManager:220 - loadIPPluginJar : add tsc
2024-01-28 17:54:10,418 [INFO] IPUIPlugin:80 - create IPUIPlugin
2024-01-28 17:54:10,418 [INFO] PluginManager:220 - loadIPPluginJar : add tracer_emb
2024-01-28 17:54:10,425 [INFO] IPUIPlugin:80 - create IPUIPlugin
2024-01-28 17:54:10,425 [INFO] PluginManager:220 - loadIPPluginJar : add mdma
2024-01-28 17:54:10,428 [INFO] IPUIPlugin:80 - create IPUIPlugin
2024-01-28 17:54:10,428 [INFO] PluginManager:220 - loadIPPluginJar : add opamp
2024-01-28 17:54:10,435 [INFO] IPUIPlugin:80 - create IPUIPlugin
2024-01-28 17:54:10,435 [INFO] PluginManager:220 - loadIPPluginJar : add linkedlist
2024-01-28 17:54:10,437 [INFO] IPUIPlugin:80 - create IPUIPlugin
2024-01-28 17:54:10,437 [INFO] PluginManager:220 - loadIPPluginJar : add hash
2024-01-28 17:54:10,439 [INFO] IPUIPlugin:80 - create IPUIPlugin
2024-01-28 17:54:10,439 [INFO] PluginManager:220 - loadIPPluginJar : add i2s
2024-01-28 17:54:10,442 [INFO] IPUIPlugin:80 - create IPUIPlugin
2024-01-28 17:54:10,442 [INFO] PluginManager:220 - loadIPPluginJar : add i2c
2024-01-28 17:54:10,444 [INFO] IPUIPlugin:80 - create IPUIPlugin
2024-01-28 17:54:10,444 [INFO] PluginManager:220 - loadIPPluginJar : add can
2024-01-28 17:54:10,450 [INFO] IPUIPlugin:80 - create IPUIPlugin
2024-01-28 17:54:10,450 [INFO] PluginManager:220 - loadIPPluginJar : add adc
2024-01-28 17:54:10,455 [INFO] IPUIPlugin:80 - create IPUIPlugin
2024-01-28 17:54:10,456 [INFO] PluginManager:220 - loadIPPluginJar : add dma
2024-01-28 17:54:10,457 [INFO] IPUIPlugin:80 - create IPUIPlugin
2024-01-28 17:54:10,457 [INFO] PluginManager:220 - loadIPPluginJar : add quadspi
2024-01-28 17:54:10,462 [INFO] IPUIPlugin:80 - create IPUIPlugin
2024-01-28 17:54:10,462 [INFO] PluginManager:220 - loadIPPluginJar : add gic
2024-01-28 17:54:10,465 [INFO] IPUIPlugin:80 - create IPUIPlugin
2024-01-28 17:54:10,465 [INFO] PluginManager:220 - loadIPPluginJar : add gtzc
2024-01-28 17:54:10,469 [INFO] IPUIPlugin:80 - create IPUIPlugin
2024-01-28 17:54:10,469 [INFO] PluginManager:220 - loadIPPluginJar : add stm32_wpan
2024-01-28 17:54:10,474 [INFO] IPUIPlugin:80 - create IPUIPlugin
2024-01-28 17:54:10,474 [INFO] PluginManager:220 - loadIPPluginJar : add gpio
2024-01-28 17:54:10,475 [INFO] IPUIPlugin:80 - create IPUIPlugin
2024-01-28 17:54:10,475 [INFO] PluginManager:220 - loadIPPluginJar : add fatfs
2024-01-28 17:54:10,476 [INFO] IPUIPlugin:80 - create IPUIPlugin
2024-01-28 17:54:10,477 [INFO] PluginManager:220 - loadIPPluginJar : add ltdc
2024-01-28 17:54:10,478 [INFO] IPUIPlugin:80 - create IPUIPlugin
2024-01-28 17:54:10,478 [INFO] PluginManager:220 - loadIPPluginJar : add comp
2024-01-28 17:54:10,482 [INFO] IPUIPlugin:80 - create IPUIPlugin
2024-01-28 17:54:10,482 [INFO] PluginManager:220 - loadIPPluginJar : add nvic
2024-01-28 17:54:10,484 [INFO] IPUIPlugin:80 - create IPUIPlugin
2024-01-28 17:54:10,484 [INFO] PluginManager:220 - loadIPPluginJar : add aes
2024-01-28 17:54:10,585 [INFO] CADModel:165 - CPN selected for project level
2024-01-28 17:54:10,585 [INFO] CADModel:114 - Register for checkConnection events
2024-01-28 17:54:10,585 [FATAL] Updater:308 - Updater called before beeing initialized
2024-01-28 17:54:10,585 [ERROR] CADModel:125 - Updater not yet initialized, retry later 
2024-01-28 17:54:10,740 [INFO] CADModel:165 - CPN selected for project level
2024-01-28 17:54:10,741 [INFO] CADModel:114 - Register for checkConnection events
2024-01-28 17:54:10,741 [FATAL] Updater:308 - Updater called before beeing initialized
2024-01-28 17:54:10,741 [ERROR] CADModel:125 - Updater not yet initialized, retry later 
2024-01-28 17:54:10,744 [FATAL] Updater:308 - Updater called before beeing initialized
2024-01-28 17:54:10,828 [FATAL] Updater:308 - Updater called before beeing initialized
2024-01-28 17:54:10,832 [INFO] DbMcusAds:53 - JSON generation date=Wed Nov 29 16:22:27 IST 2023 (1701255147349)
2024-01-28 17:54:10,832 [FATAL] Updater:308 - Updater called before beeing initialized
2024-01-28 17:54:10,863 [WARN] DetailPanel:346 - Failed to get advertising image, set to default
2024-01-28 17:54:10,940 [FATAL] Updater:308 - Updater called before beeing initialized
2024-01-28 17:54:10,942 [FATAL] Updater:308 - Updater called before beeing initialized
2024-01-28 17:54:10,942 [FATAL] Updater:308 - Updater called before beeing initialized
2024-01-28 17:54:10,942 [WARN] DetailPanel:346 - Failed to get advertising image, set to default
2024-01-28 17:54:10,943 [FATAL] Updater:308 - Updater called before beeing initialized
2024-01-28 17:54:10,976 [ERROR] Updater:1120 - MainUpdater not yet initialized. External WinMGr cannot be set.
2024-01-28 17:54:10,978 [INFO] Updater:1056 - Updater Version found : 6.10.0
2024-01-28 17:54:10,997 [INFO] ApplicationProperties:184 - Using Application install path: /home/mathi/st/stm32cubeide_1.14.0_2/plugins/com.st.stm32cube.common.mx_6.10.0.202311202037
2024-01-28 17:54:11,217 [INFO] MainUpdater:2873 - connection check result : 10
2024-01-28 17:54:11,217 [INFO] MainUpdater:3567 - Updater definition file requires update
2024-01-28 17:54:11,217 [INFO] MainUpdater:290 - Updater Check For Update Now.
2024-01-28 17:54:11,217 [INFO] MicroXplorer:498 - Change Database Version : DB.6.0.100
2024-01-28 17:54:11,221 [INFO] McuFinderGlobals:63 - Set McuFinder mode to 2 (CubeIDE integrated)
2024-01-28 17:54:11,222 [INFO] UserAuth:180 - activating auth plugin
2024-01-28 17:54:11,226 [INFO] UserAuth:404 - Internet connection configuration mode: 1
2024-01-28 17:54:11,238 [INFO] JxBrowserEngine:152 - Initiate JxBrowser Engine with user profile folder
2024-01-28 17:54:11,247 [INFO] ServerAccessManage:473 - Download File updaters.zip
2024-01-28 17:54:11,337 [INFO] FileExtend:240 - Unzip File : updaters.zip
2024-01-28 17:54:11,337 [INFO] FileExtend:255 - Standard Zip Deflate
2024-01-28 17:54:11,479 [INFO] ServerAccessManage:473 - Download File PacksControlFlags.xml
2024-01-28 17:54:11,521 [INFO] ServerAccessManage:473 - Download File cubemx.pidx
2024-01-28 17:54:11,868 [INFO] ServerAccessManage:473 - Download File STMicroelectronics.X-CUBE-EEPRMA1.pdsc
2024-01-28 17:54:12,126 [INFO] WebApp:161 - Instantiating new browser for Auth
2024-01-28 17:54:12,657 [INFO] WebApp:780 - Register for checkConnection events
2024-01-28 17:54:12,657 [INFO] WebApp:414 - Apply proxy settings
2024-01-28 17:54:12,658 [INFO] WebApp:499 - Chromium requires no authentication
2024-01-28 17:54:12,667 [INFO] WebApp:442 - Direct internet connection detected
2024-01-28 17:54:12,691 [ERROR] ServerAccessManage:1089 - Problem, file not found on Server
2024-01-28 17:54:12,783 [INFO] WebApp:192 - Starting web application
2024-01-28 17:54:12,783 [INFO] WebApp:544 - Web application path used /home/mathi/st/stm32cubeide_1.14.0_2/plugins/com.st.stm32cube.common.mx_6.10.0.202311202037/db/plugins/mcufinder/reactClient1/index.html
2024-01-28 17:54:12,910 [WARN] MainUpdater:1194 - Updater busy. Cannot search thirdparties
2024-01-28 17:54:12,911 [INFO] ThirdPartyUpdaterWithRetryManager:96 - Updater plugin is busy. [1/15]
2024-01-28 17:54:13,553 [ERROR] ServerAccessManage:1089 - Problem, file not found on Server
2024-01-28 17:54:15,051 [ERROR] ServerAccessManage:1096 - Problem, Http access forbiden
2024-01-28 17:54:15,052 [ERROR] ServerAccessManage:651 - Problem, Http access forbiden : RoweBots.I-CUBE-UNISONRTOS.pdsc.
2024-01-28 17:54:15,202 [WARN] PackLoader:240 - Cannot read IP mode file for STMicroelectronics.X-CUBE-EEPRMA1.5.1.0
2024-01-28 17:54:15,208 [INFO] PopulateThirdPartyThread:66 - Ending populate Thread
2024-01-28 17:54:15,209 [INFO] ThirdParty:1030 - CMSIS Pack Vendor :STMicroelectronics X-CUBE-EEPRMA1 5.1.0
2024-01-28 17:54:15,210 [INFO] LoadServerUpdatesThread:375 - End of LoadServerUpdate Thread
2024-01-28 17:54:15,317 [INFO] CheckServerUpdateThread:120 - End of CheckServer Thread
2024-01-28 17:54:16,061 [WARN] PackLoader:240 - Cannot read IP mode file for STMicroelectronics.X-CUBE-SMBUS.2.1.0
2024-01-28 17:54:16,064 [WARN] PackLoader:240 - Cannot read IP mode file for STMicroelectronics.X-CUBE-TOUCHGFX.4.23.0
2024-01-28 17:54:16,084 [WARN] PackLoader:240 - Cannot read IP mode file for STMicroelectronics.X-CUBE-AZRTOS-F7.1.1.0
2024-01-28 17:54:16,094 [WARN] PackLoader:240 - Cannot read IP mode file for STMicroelectronics.FP-SNS-MOTENV1.4.3.2
2024-01-28 17:54:16,101 [WARN] PackLoader:240 - Cannot read IP mode file for STMicroelectronics.FP-SNS-FLIGHT1.5.0.2
2024-01-28 17:54:16,108 [WARN] PackLoader:240 - Cannot read IP mode file for STMicroelectronics.X-CUBE-DISPLAY.3.0.0
2024-01-28 17:54:16,120 [WARN] PackLoader:240 - Cannot read IP mode file for STMicroelectronics.X-CUBE-BLE1.7.0.0
2024-01-28 17:54:16,124 [WARN] PackLoader:240 - Cannot read IP mode file for emotas.I-CUBE-CANOPEN.1.3.0
2024-01-28 17:54:16,129 [WARN] PackLoader:240 - Cannot read IP mode file for STMicroelectronics.FP-SNS-SMARTAG2.1.2.0
2024-01-28 17:54:16,136 [INFO] LogOutputStream:77 - [STDOUT_REDIRECT] 1 : Invalid condition id : UX_CORESTACK_Condition cause : null
2024-01-28 17:54:16,136 [INFO] LogOutputStream:77 - [STDOUT_REDIRECT] 1 : Invalid condition id : UX_CORESTACK_Condition cause : null
2024-01-28 17:54:16,137 [INFO] LogOutputStream:77 - [STDOUT_REDIRECT] 1 : Invalid condition id : UX_CORESTACK_Condition cause : null
2024-01-28 17:54:16,137 [INFO] LogOutputStream:77 - [STDOUT_REDIRECT] 1 : Invalid condition id : UX_CORESTACK_Condition cause : null
2024-01-28 17:54:16,137 [INFO] LogOutputStream:77 - [STDOUT_REDIRECT] 1 : Invalid condition id : UX_CORESTACK_Condition cause : null
2024-01-28 17:54:16,141 [WARN] PackLoader:240 - Cannot read IP mode file for STMicroelectronics.X-CUBE-AZRTOS-WL.2.0.0
2024-01-28 17:54:16,149 [WARN] PackLoader:240 - Cannot read IP mode file for WES.I-CUBE-Cesium.1.3.0
2024-01-28 17:54:16,153 [WARN] PackLoader:240 - Cannot read IP mode file for STMicroelectronics.X-CUBE-BLE2.3.3.0
2024-01-28 17:54:16,159 [WARN] PackLoader:240 - Cannot read IP mode file for STMicroelectronics.X-CUBE-ALGOBUILD.1.3.0
2024-01-28 17:54:16,174 [WARN] PackLoader:240 - Cannot read IP mode file for STMicroelectronics.X-CUBE-AZRTOS-G0.1.1.0
2024-01-28 17:54:16,181 [WARN] PackLoader:240 - Cannot read IP mode file for STMicroelectronics.X-CUBE-NFC4.3.0.0
2024-01-28 17:54:16,188 [WARN] PackLoader:240 - Cannot read IP mode file for STMicroelectronics.X-CUBE-BLEMGR.3.0.0
2024-01-28 17:54:16,193 [WARN] PackLoader:240 - Cannot read IP mode file for STMicroelectronics.FP-ATR-SIGFOX1.3.2.0
2024-01-28 17:54:16,197 [WARN] PackLoader:240 - Cannot read IP mode file for STMicroelectronics.X-CUBE-EEPRMA1.5.1.0
2024-01-28 17:54:16,220 [WARN] PackLoader:240 - Cannot read IP mode file for SEGGER.I-CUBE-embOS.1.3.1
2024-01-28 17:54:16,282 [WARN] PackLoader:240 - Cannot read IP mode file for STMicroelectronics.X-CUBE-GNSS1.6.0.0
2024-01-28 17:54:16,293 [WARN] PackLoader:240 - Cannot read IP mode file for STMicroelectronics.X-CUBE-AZRTOS-F4.1.1.0
2024-01-28 17:54:16,298 [WARN] PackLoader:240 - Cannot read IP mode file for wolfSSL.I-CUBE-wolfSSL.5.6.4
2024-01-28 17:54:16,308 [WARN] PackLoader:240 - Cannot read IP mode file for STMicroelectronics.X-CUBE-AZRTOS-L5.2.0.0
2024-01-28 17:54:16,313 [WARN] PackLoader:240 - Cannot read IP mode file for STMicroelectronics.X-CUBE-EEPRMA1.4.2.0
2024-01-28 17:54:16,317 [WARN] PackLoader:240 - Cannot read IP mode file for ITTIA_DB.I-CUBE-ITTIADB.8.8.0
2024-01-28 17:54:16,321 [WARN] PackLoader:240 - Cannot read IP mode file for STMicroelectronics.X-CUBE-NFC7.1.0.1
2024-01-28 17:54:16,326 [WARN] PackLoader:240 - Cannot read IP mode file for STMicroelectronics.X-CUBE-NFC6.3.0.0
2024-01-28 17:54:16,330 [WARN] PackLoader:240 - Cannot read IP mode file for STMicroelectronics.X-CUBE-AI.8.1.0
2024-01-28 17:54:16,341 [WARN] ConditionMgr:438 - getConditionDescription Invalid condition id : LAN8742 Phy interface Condition cause : null
2024-01-28 17:54:16,342 [WARN] PackLoader:240 - Cannot read IP mode file for STMicroelectronics.X-CUBE-AZRTOS-L4.2.0.0
2024-01-28 17:54:16,343 [WARN] ConditionMgr:1039 - genDependencies : Invalid condition id : LAN8742 Phy interface Condition cause : null
2024-01-28 17:54:16,343 [WARN] ConditionMgr:1039 - genDependencies : Invalid condition id : LAN8742 Phy interface Condition cause : null
2024-01-28 17:54:16,344 [WARN] ConditionMgr:1039 - genDependencies : Invalid condition id : LAN8742 Phy interface Condition cause : null
2024-01-28 17:54:16,348 [WARN] PackLoader:240 - Cannot read IP mode file for STMicroelectronics.X-CUBE-SFXS2LP1.4.0.0
2024-01-28 17:54:16,358 [WARN] ConditionMgr:438 - getConditionDescription Invalid condition id : UX DEVICE CLASS RTOS Condition cause : null
2024-01-28 17:54:16,358 [WARN] ConditionMgr:438 - getConditionDescription Invalid condition id : UX DEVICE CLASS RTOS Condition cause : null
2024-01-28 17:54:16,360 [WARN] PackLoader:240 - Cannot read IP mode file for STMicroelectronics.X-CUBE-AZRTOS-WB.2.0.0
2024-01-28 17:54:16,361 [WARN] ConditionMgr:1039 - genDependencies : Invalid condition id : UX DEVICE CLASS RTOS Condition cause : null
2024-01-28 17:54:16,361 [WARN] ConditionMgr:1039 - genDependencies : Invalid condition id : UX DEVICE CLASS RTOS Condition cause : null
2024-01-28 17:54:16,361 [WARN] ConditionMgr:1039 - genDependencies : Invalid condition id : UX DEVICE CLASS RTOS Condition cause : null
2024-01-28 17:54:16,362 [WARN] ConditionMgr:1039 - genDependencies : Invalid condition id : UX DEVICE CLASS RTOS Condition cause : null
2024-01-28 17:54:16,362 [WARN] ConditionMgr:1039 - genDependencies : Invalid condition id : UX DEVICE CLASS RTOS Condition cause : null
2024-01-28 17:54:16,368 [WARN] PackLoader:240 - Cannot read IP mode file for STMicroelectronics.X-CUBE-SUBG2.5.0.0
2024-01-28 17:54:16,383 [WARN] PackLoader:240 - Cannot read IP mode file for STMicroelectronics.X-CUBE-AZRTOS-G4.2.0.0
2024-01-28 17:54:16,392 [WARN] PackLoader:240 - Cannot read IP mode file for Infineon.AIROC-Wi-Fi-Bluetooth-STM32.1.5.1
2024-01-28 17:54:16,398 [WARN] PackLoader:240 - Cannot read IP mode file for STMicroelectronics.FP-SNS-MOTENVWB1.1.3.1
2024-01-28 17:54:16,401 [WARN] PackLoader:240 - Cannot read IP mode file for STMicroelectronics.X-CUBE-ISPU.2.0.0
2024-01-28 17:54:16,427 [WARN] PackLoader:240 - Cannot read IP mode file for STMicroelectronics.X-CUBE-MEMS1.10.0.0
2024-01-28 17:54:16,577 [WARN] PackLoader:240 - Cannot read IP mode file for STMicroelectronics.X-CUBE-FREERTOS.1.1.0
2024-01-28 17:54:16,580 [WARN] PackLoader:240 - Cannot read IP mode file for portGmbH.I-Cube-SoM-uGOAL.1.1.0
2024-01-28 17:54:16,583 [WARN] PackLoader:240 - Cannot read IP mode file for STMicroelectronics.X-CUBE-ALS.1.0.1
2024-01-28 17:54:16,586 [WARN] PackLoader:240 - Cannot read IP mode file for STMicroelectronics.FP-ATR-ASTRA1.2.0.0
2024-01-28 17:54:16,592 [WARN] PackLoader:240 - Cannot read IP mode file for STMicroelectronics.X-CUBE-TOF1.3.4.0
2024-01-28 17:54:16,617 [WARN] PackLoader:240 - Cannot read IP mode file for STMicroelectronics.X-CUBE-AZRTOS-H7.3.2.0
2024-01-28 17:54:16,620 [INFO] ThirdParty:978 - Integrity check success = true
2024-01-28 17:54:16,620 [INFO] IntegrityCheckThread:100 - exiting critical section [integrity check]
2024-01-28 17:54:16,620 [INFO] IntegrityCheckThread:103 - End integrity checks thread
2024-01-28 17:54:33,425 [ERROR] LogOutputStream:75 - [STDERR_REDIRECT] SLF4J: Failed to load class "org.slf4j.impl.StaticLoggerBinder".
2024-01-28 17:54:33,425 [ERROR] LogOutputStream:75 - [STDERR_REDIRECT] SLF4J: Defaulting to no-operation (NOP) logger implementation
2024-01-28 17:54:33,426 [ERROR] LogOutputStream:75 - [STDERR_REDIRECT] SLF4J: See http://www.slf4j.org/codes.html#StaticLoggerBinder for further details.
2024-01-28 18:17:06,389 [ERROR] LogOutputStream:75 - [STDERR_REDIRECT] 
