2024-02-17 22:47:20,215 [ERROR] LogOutputStream:75 - [STDERR_REDIRECT] 
2024-02-17 22:52:16,938 [INFO] Activator:176 - 


2024-02-17 22:52:16,940 [INFO] Activator:177 - !SESSION log4j initialized
2024-02-17 22:52:20,503 [INFO] LogOutputStream:77 - [STDOUT_REDIRECT] 
2024-02-17 22:52:21,043 [INFO] ApplicationProperties:184 - Using Application install path: /home/mathi/st/stm32cubeide_1.14.0_2/plugins/com.st.stm32cube.common.mx_6.10.0.202311202037
2024-02-17 22:52:21,061 [INFO] DbMcusXml:78 - Set database path to: /home/mathi/st/stm32cubeide_1.14.0_2/plugins/com.st.stm32cube.common.mx_6.10.0.202311202037//db//mcu/
2024-02-17 22:52:21,061 [INFO] ApiDb:274 - Set plugin database path to: /home/mathi/st/stm32cubeide_1.14.0_2/plugins/com.st.stm32cube.common.mx_6.10.0.202311202037//db//plugins/boardmanager/
2024-02-17 22:52:21,061 [WARN] ApiDb:259 - Overriding images path with different value:  => /home/mathi/st/stm32cubeide_1.14.0_2/plugins/com.st.stm32cube.common.mx_6.10.0.202311202037//db//plugins/mcufinder/images/
2024-02-17 22:52:21,069 [INFO] ApiDb:250 - Set database path to: /home/mathi/.stmcufinder/plugins/mcufinder//mcu/
2024-02-17 22:52:21,070 [INFO] DbMcusAds:125 - Set database path to: /home/mathi/.stmcufinder/plugins/mcufinder//mcu/
2024-02-17 22:52:21,073 [INFO] CrossReferenceDbSqlite:203 - Set database path to: /home/mathi/.stmcufinder/plugins/mcufinder//mcu/cs/
2024-02-17 22:52:21,196 [INFO] RulesReader:64 - Compatibility file has been processed (297 Rules)
2024-02-17 22:52:21,255 [INFO] DbMcusXml:78 - Set database path to: /home/mathi/st/stm32cubeide_1.14.0_2/plugins/com.st.stm32cube.common.mx_6.10.0.202311202037//db//mcu/
2024-02-17 22:52:21,255 [INFO] ApiDb:274 - Set plugin database path to: /home/mathi/st/stm32cubeide_1.14.0_2/plugins/com.st.stm32cube.common.mx_6.10.0.202311202037//db//plugins/boardmanager/
2024-02-17 22:52:21,255 [INFO] ApiDb:261 - Set plugin images path to: /home/mathi/st/stm32cubeide_1.14.0_2/plugins/com.st.stm32cube.common.mx_6.10.0.202311202037//db//plugins/mcufinder/images/
2024-02-17 22:52:21,255 [WARN] DbFile:41 - Overriding database path with different value: /home/mathi/.stmcufinder/plugins/mcufinder/ => /home/mathi/.stmcufinder/plugins/mcufinder
2024-02-17 22:52:21,255 [INFO] ApiDb:250 - Set database path to: /home/mathi/.stmcufinder/plugins/mcufinder//mcu/
2024-02-17 22:52:21,256 [WARN] DbFile:41 - Overriding database path with different value: /home/mathi/.stmcufinder/plugins/mcufinder/ => /home/mathi/.stmcufinder/plugins/mcufinder
2024-02-17 22:52:21,256 [INFO] DbMcusAds:125 - Set database path to: /home/mathi/.stmcufinder/plugins/mcufinder//mcu/
2024-02-17 22:52:21,256 [WARN] DbFile:41 - Overriding database path with different value: /home/mathi/.stmcufinder/plugins/mcufinder/ => /home/mathi/.stmcufinder/plugins/mcufinder
2024-02-17 22:52:21,256 [WARN] DbFile:41 - Overriding database path with different value: /home/mathi/.stmcufinder/plugins/mcufinder/ => /home/mathi/.stmcufinder/plugins/mcufinder
2024-02-17 22:52:21,256 [INFO] CrossReferenceDbSqlite:203 - Set database path to: /home/mathi/.stmcufinder/plugins/mcufinder//mcu/cs/
2024-02-17 22:52:21,321 [INFO] MainPanel:264 - HeapMemory: 268435456
2024-02-17 22:52:21,409 [INFO] DbMcusXml:78 - Set database path to: /home/mathi/st/stm32cubeide_1.14.0_2/plugins/com.st.stm32cube.common.mx_6.10.0.202311202037//db//mcu/
2024-02-17 22:52:21,409 [INFO] ApiDb:274 - Set plugin database path to: /home/mathi/st/stm32cubeide_1.14.0_2/plugins/com.st.stm32cube.common.mx_6.10.0.202311202037//db//plugins/boardmanager/
2024-02-17 22:52:21,409 [INFO] ApiDb:261 - Set plugin images path to: /home/mathi/st/stm32cubeide_1.14.0_2/plugins/com.st.stm32cube.common.mx_6.10.0.202311202037//db//plugins/mcufinder/images/
2024-02-17 22:52:21,409 [WARN] DbFile:41 - Overriding database path with different value: /home/mathi/.stmcufinder/plugins/mcufinder/ => /home/mathi/.stmcufinder/plugins/mcufinder
2024-02-17 22:52:21,410 [INFO] ApiDb:250 - Set database path to: /home/mathi/.stmcufinder/plugins/mcufinder//mcu/
2024-02-17 22:52:21,410 [WARN] DbFile:41 - Overriding database path with different value: /home/mathi/.stmcufinder/plugins/mcufinder/ => /home/mathi/.stmcufinder/plugins/mcufinder
2024-02-17 22:52:21,410 [INFO] DbMcusAds:125 - Set database path to: /home/mathi/.stmcufinder/plugins/mcufinder//mcu/
2024-02-17 22:52:21,410 [WARN] DbFile:41 - Overriding database path with different value: /home/mathi/.stmcufinder/plugins/mcufinder/ => /home/mathi/.stmcufinder/plugins/mcufinder
2024-02-17 22:52:21,410 [WARN] DbFile:41 - Overriding database path with different value: /home/mathi/.stmcufinder/plugins/mcufinder/ => /home/mathi/.stmcufinder/plugins/mcufinder
2024-02-17 22:52:21,410 [INFO] CrossReferenceDbSqlite:203 - Set database path to: /home/mathi/.stmcufinder/plugins/mcufinder//mcu/cs/
2024-02-17 22:52:21,426 [INFO] ApplicationProperties:184 - Using Application install path: /home/mathi/st/stm32cubeide_1.14.0_2/plugins/com.st.stm32cube.common.mx_6.10.0.202311202037
2024-02-17 22:52:21,428 [INFO] PluginManage:196 - Search for loadable plugins [exclusion list=, ]
2024-02-17 22:52:21,429 [INFO] PluginManage:310 - Check plugin analytics
2024-02-17 22:52:21,582 [INFO] AnalyticsPlugin:253 - Accepted Software Licenses: 
2024-02-17 22:52:21,582 [INFO] AnalyticsPlugin:255 - Accepted CMSIS Pack Licenses: 
2024-02-17 22:52:21,582 [INFO] AnalyticsPlugin:257 - Accepted Firmware Licenses: 
2024-02-17 22:52:21,585 [INFO] PluginManage:359 - Loaded plugin analytics (category:tool,tabindex:-1)
2024-02-17 22:52:21,585 [INFO] PluginManage:310 - Check plugin cadmodel
2024-02-17 22:52:21,644 [INFO] CADModel:105 - Init CAD model plugin
2024-02-17 22:52:21,644 [INFO] PluginManage:359 - Loaded plugin cadmodel (category:power,tabindex:5)
2024-02-17 22:52:21,644 [INFO] PluginManage:310 - Check plugin clock
2024-02-17 22:52:21,655 [INFO] PluginManage:359 - Loaded plugin clock (category:base,tabindex:2)
2024-02-17 22:52:21,655 [INFO] PluginManage:310 - Check plugin ddr
2024-02-17 22:52:21,657 [INFO] PluginManage:359 - Loaded plugin ddr (category:tool,tabindex:6)
2024-02-17 22:52:21,657 [INFO] PluginManage:310 - Check plugin filemanager
2024-02-17 22:52:21,805 [INFO] PluginManage:359 - Loaded plugin filemanager (category:base,tabindex:10)
2024-02-17 22:52:21,805 [INFO] PluginManage:310 - Check plugin ipmanager
2024-02-17 22:52:21,810 [INFO] PluginManage:359 - Loaded plugin ipmanager (category:base,tabindex:5)
2024-02-17 22:52:21,810 [INFO] PluginManage:310 - Check plugin lpbam
2024-02-17 22:52:21,820 [INFO] PluginManage:359 - Loaded plugin lpbam (category:base,tabindex:0)
2024-02-17 22:52:21,821 [INFO] PluginManage:310 - Check plugin memorymap
2024-02-17 22:52:21,836 [INFO] PluginManage:359 - Loaded plugin memorymap (category:base,tabindex:4)
2024-02-17 22:52:21,836 [INFO] PluginManage:310 - Check plugin pinoutandconfiguration
2024-02-17 22:52:21,847 [INFO] PluginManage:359 - Loaded plugin pinoutandconfiguration (category:base,tabindex:1)
2024-02-17 22:52:21,848 [INFO] PluginManage:310 - Check plugin pinoutconfig
2024-02-17 22:52:21,937 [WARN] SupportedApi:132 - Cannot load RTOS API schema: s4s-elt-must-match.1: The content of 'definitions' must match (annotation?, (simpleType | complexType)?, (unique | key | keyref)*)). A problem was found starting at: attribute.
2024-02-17 22:52:22,069 [INFO] PluginManage:359 - Loaded plugin pinoutconfig (category:base,tabindex:0)
2024-02-17 22:52:22,069 [INFO] PluginManage:310 - Check plugin power
2024-02-17 22:52:22,080 [INFO] PluginManage:359 - Loaded plugin power (category:power,tabindex:4)
2024-02-17 22:52:22,080 [INFO] PluginManage:310 - Check plugin projectmanager
2024-02-17 22:52:22,093 [INFO] PluginManage:359 - Loaded plugin projectmanager (category:projectmanager,tabindex:3)
2024-02-17 22:52:22,093 [INFO] PluginManage:310 - Check plugin thirdparty
2024-02-17 22:52:22,195 [INFO] PluginManage:359 - Loaded plugin thirdparty (category:base,tabindex:-1)
2024-02-17 22:52:22,195 [INFO] PluginManage:310 - Check plugin tools
2024-02-17 22:52:22,195 [WARN] IntegrityCheckThread:84 - waiting for thirdparty lock release [integrity check]
2024-02-17 22:52:22,195 [INFO] IntegrityCheckThread:86 - entering critical section [integrity check]
2024-02-17 22:52:22,196 [INFO] ThirdPartyUpdaterWithRetryManager:70 - Updater plugin not ready yet. [1/15]
2024-02-17 22:52:22,197 [INFO] PluginManage:359 - Loaded plugin tools (category:base,tabindex:7)
2024-02-17 22:52:22,197 [INFO] PluginManage:310 - Check plugin tutovideos
2024-02-17 22:52:22,338 [INFO] PluginManage:359 - Loaded plugin tutovideos (category:base,tabindex:-1)
2024-02-17 22:52:22,338 [INFO] PluginManage:310 - Check plugin updater
2024-02-17 22:52:22,348 [INFO] PluginManage:359 - Loaded plugin updater (category:base,tabindex:12)
2024-02-17 22:52:22,348 [INFO] PluginManage:310 - Check plugin userauth
2024-02-17 22:52:22,352 [INFO] UserAuth:114 - Init User Auth plugin
2024-02-17 22:52:22,353 [INFO] PluginManage:359 - Loaded plugin userauth (category:base,tabindex:14)
2024-02-17 22:52:22,353 [INFO] PluginManage:283 - PluginManage : Loaded plugins [17]
2024-02-17 22:52:22,509 [INFO] PinOutPanel:1499 - setPackage(No Configuration,No Configuration)
2024-02-17 22:52:22,562 [INFO] CADModel:165 - CPN selected for project level
2024-02-17 22:52:22,563 [INFO] CADModel:114 - Register for checkConnection events
2024-02-17 22:52:22,575 [INFO] IPUIPlugin:80 - create IPUIPlugin
2024-02-17 22:52:22,576 [INFO] PluginManager:220 - loadIPPluginJar : add gfxmmu
2024-02-17 22:52:22,578 [INFO] IPUIPlugin:80 - create IPUIPlugin
2024-02-17 22:52:22,579 [INFO] PluginManager:220 - loadIPPluginJar : add openamp
2024-02-17 22:52:22,584 [INFO] IPUIPlugin:80 - create IPUIPlugin
2024-02-17 22:52:22,584 [INFO] PluginManager:220 - loadIPPluginJar : add resmgrutility
2024-02-17 22:52:22,586 [INFO] IPUIPlugin:80 - create IPUIPlugin
2024-02-17 22:52:22,587 [INFO] PluginManager:220 - loadIPPluginJar : add usart
2024-02-17 22:52:22,589 [INFO] IPUIPlugin:80 - create IPUIPlugin
2024-02-17 22:52:22,589 [INFO] PluginManager:220 - loadIPPluginJar : add ipddr
2024-02-17 22:52:22,591 [INFO] IPUIPlugin:80 - create IPUIPlugin
2024-02-17 22:52:22,591 [INFO] PluginManager:220 - loadIPPluginJar : add genericplugin
2024-02-17 22:52:22,594 [INFO] IPUIPlugin:80 - create IPUIPlugin
2024-02-17 22:52:22,594 [INFO] PluginManager:220 - loadIPPluginJar : add sai
2024-02-17 22:52:22,596 [INFO] IPUIPlugin:80 - create IPUIPlugin
2024-02-17 22:52:22,597 [INFO] PluginManager:220 - loadIPPluginJar : add lorawan
2024-02-17 22:52:22,603 [INFO] IPUIPlugin:80 - create IPUIPlugin
2024-02-17 22:52:22,605 [INFO] PluginManager:220 - loadIPPluginJar : add plateformsettings
2024-02-17 22:52:22,608 [INFO] IPUIPlugin:80 - create IPUIPlugin
2024-02-17 22:52:22,608 [INFO] PluginManager:220 - loadIPPluginJar : add cryp
2024-02-17 22:52:22,610 [INFO] IPUIPlugin:80 - create IPUIPlugin
2024-02-17 22:52:22,610 [INFO] PluginManager:220 - loadIPPluginJar : add spi
2024-02-17 22:52:22,612 [INFO] IPUIPlugin:80 - create IPUIPlugin
2024-02-17 22:52:22,612 [INFO] PluginManager:220 - loadIPPluginJar : add ucpd
2024-02-17 22:52:22,616 [INFO] IPUIPlugin:80 - create IPUIPlugin
2024-02-17 22:52:22,617 [INFO] PluginManager:220 - loadIPPluginJar : add fmc
2024-02-17 22:52:22,619 [INFO] IPUIPlugin:80 - create IPUIPlugin
2024-02-17 22:52:22,619 [INFO] PluginManager:220 - loadIPPluginJar : add pdm2pcm
2024-02-17 22:52:22,621 [INFO] IPUIPlugin:80 - create IPUIPlugin
2024-02-17 22:52:22,621 [INFO] PluginManager:220 - loadIPPluginJar : add ts
2024-02-17 22:52:22,623 [INFO] IPUIPlugin:80 - create IPUIPlugin
2024-02-17 22:52:22,624 [INFO] PluginManager:220 - loadIPPluginJar : add dma3
2024-02-17 22:52:22,626 [INFO] IPUIPlugin:80 - create IPUIPlugin
2024-02-17 22:52:22,626 [INFO] PluginManager:220 - loadIPPluginJar : add dfsdm
2024-02-17 22:52:22,629 [INFO] IPUIPlugin:80 - create IPUIPlugin
2024-02-17 22:52:22,629 [INFO] PluginManager:220 - loadIPPluginJar : add i3c
2024-02-17 22:52:22,631 [INFO] IPUIPlugin:80 - create IPUIPlugin
2024-02-17 22:52:22,631 [INFO] PluginManager:220 - loadIPPluginJar : add tim
2024-02-17 22:52:22,636 [INFO] IPUIPlugin:80 - create IPUIPlugin
2024-02-17 22:52:22,636 [INFO] PluginManager:220 - loadIPPluginJar : add freertos
2024-02-17 22:52:22,639 [INFO] IPUIPlugin:80 - create IPUIPlugin
2024-02-17 22:52:22,639 [INFO] PluginManager:220 - loadIPPluginJar : add usbx
2024-02-17 22:52:22,642 [INFO] IPUIPlugin:80 - create IPUIPlugin
2024-02-17 22:52:22,642 [INFO] PluginManager:220 - loadIPPluginJar : add touchsensing
2024-02-17 22:52:22,644 [INFO] IPUIPlugin:80 - create IPUIPlugin
2024-02-17 22:52:22,644 [INFO] PluginManager:220 - loadIPPluginJar : add tsc
2024-02-17 22:52:22,646 [INFO] IPUIPlugin:80 - create IPUIPlugin
2024-02-17 22:52:22,646 [INFO] PluginManager:220 - loadIPPluginJar : add tracer_emb
2024-02-17 22:52:22,652 [INFO] IPUIPlugin:80 - create IPUIPlugin
2024-02-17 22:52:22,653 [INFO] PluginManager:220 - loadIPPluginJar : add mdma
2024-02-17 22:52:22,656 [INFO] IPUIPlugin:80 - create IPUIPlugin
2024-02-17 22:52:22,656 [INFO] PluginManager:220 - loadIPPluginJar : add opamp
2024-02-17 22:52:22,662 [INFO] IPUIPlugin:80 - create IPUIPlugin
2024-02-17 22:52:22,662 [INFO] PluginManager:220 - loadIPPluginJar : add linkedlist
2024-02-17 22:52:22,664 [INFO] IPUIPlugin:80 - create IPUIPlugin
2024-02-17 22:52:22,664 [INFO] PluginManager:220 - loadIPPluginJar : add hash
2024-02-17 22:52:22,666 [INFO] IPUIPlugin:80 - create IPUIPlugin
2024-02-17 22:52:22,666 [INFO] PluginManager:220 - loadIPPluginJar : add i2s
2024-02-17 22:52:22,669 [INFO] IPUIPlugin:80 - create IPUIPlugin
2024-02-17 22:52:22,669 [INFO] PluginManager:220 - loadIPPluginJar : add i2c
2024-02-17 22:52:22,671 [INFO] IPUIPlugin:80 - create IPUIPlugin
2024-02-17 22:52:22,671 [INFO] PluginManager:220 - loadIPPluginJar : add can
2024-02-17 22:52:22,677 [INFO] IPUIPlugin:80 - create IPUIPlugin
2024-02-17 22:52:22,677 [INFO] PluginManager:220 - loadIPPluginJar : add adc
2024-02-17 22:52:22,683 [INFO] IPUIPlugin:80 - create IPUIPlugin
2024-02-17 22:52:22,683 [INFO] PluginManager:220 - loadIPPluginJar : add dma
2024-02-17 22:52:22,684 [INFO] IPUIPlugin:80 - create IPUIPlugin
2024-02-17 22:52:22,684 [INFO] PluginManager:220 - loadIPPluginJar : add quadspi
2024-02-17 22:52:22,690 [INFO] IPUIPlugin:80 - create IPUIPlugin
2024-02-17 22:52:22,690 [INFO] PluginManager:220 - loadIPPluginJar : add gic
2024-02-17 22:52:22,693 [INFO] IPUIPlugin:80 - create IPUIPlugin
2024-02-17 22:52:22,693 [INFO] PluginManager:220 - loadIPPluginJar : add gtzc
2024-02-17 22:52:22,698 [INFO] IPUIPlugin:80 - create IPUIPlugin
2024-02-17 22:52:22,698 [INFO] PluginManager:220 - loadIPPluginJar : add stm32_wpan
2024-02-17 22:52:22,703 [INFO] IPUIPlugin:80 - create IPUIPlugin
2024-02-17 22:52:22,703 [INFO] PluginManager:220 - loadIPPluginJar : add gpio
2024-02-17 22:52:22,704 [INFO] IPUIPlugin:80 - create IPUIPlugin
2024-02-17 22:52:22,704 [INFO] PluginManager:220 - loadIPPluginJar : add fatfs
2024-02-17 22:52:22,706 [INFO] IPUIPlugin:80 - create IPUIPlugin
2024-02-17 22:52:22,706 [INFO] PluginManager:220 - loadIPPluginJar : add ltdc
2024-02-17 22:52:22,707 [INFO] IPUIPlugin:80 - create IPUIPlugin
2024-02-17 22:52:22,707 [INFO] PluginManager:220 - loadIPPluginJar : add comp
2024-02-17 22:52:22,711 [INFO] IPUIPlugin:80 - create IPUIPlugin
2024-02-17 22:52:22,711 [INFO] PluginManager:220 - loadIPPluginJar : add nvic
2024-02-17 22:52:22,714 [INFO] IPUIPlugin:80 - create IPUIPlugin
2024-02-17 22:52:22,714 [INFO] PluginManager:220 - loadIPPluginJar : add aes
2024-02-17 22:52:22,814 [INFO] CADModel:165 - CPN selected for project level
2024-02-17 22:52:22,814 [INFO] CADModel:114 - Register for checkConnection events
2024-02-17 22:52:22,815 [FATAL] Updater:308 - Updater called before beeing initialized
2024-02-17 22:52:22,815 [ERROR] CADModel:125 - Updater not yet initialized, retry later 
2024-02-17 22:52:22,966 [INFO] CADModel:165 - CPN selected for project level
2024-02-17 22:52:22,966 [INFO] CADModel:114 - Register for checkConnection events
2024-02-17 22:52:22,966 [FATAL] Updater:308 - Updater called before beeing initialized
2024-02-17 22:52:22,966 [ERROR] CADModel:125 - Updater not yet initialized, retry later 
2024-02-17 22:52:22,970 [FATAL] Updater:308 - Updater called before beeing initialized
2024-02-17 22:52:23,039 [FATAL] Updater:308 - Updater called before beeing initialized
2024-02-17 22:52:23,042 [INFO] DbMcusAds:53 - JSON generation date=Wed Nov 29 16:22:27 IST 2023 (1701255147349)
2024-02-17 22:52:23,043 [FATAL] Updater:308 - Updater called before beeing initialized
2024-02-17 22:52:23,074 [WARN] DetailPanel:346 - Failed to get advertising image, set to default
2024-02-17 22:52:23,154 [FATAL] Updater:308 - Updater called before beeing initialized
2024-02-17 22:52:23,156 [FATAL] Updater:308 - Updater called before beeing initialized
2024-02-17 22:52:23,156 [FATAL] Updater:308 - Updater called before beeing initialized
2024-02-17 22:52:23,156 [WARN] DetailPanel:346 - Failed to get advertising image, set to default
2024-02-17 22:52:23,157 [FATAL] Updater:308 - Updater called before beeing initialized
2024-02-17 22:52:23,185 [ERROR] Updater:1120 - MainUpdater not yet initialized. External WinMGr cannot be set.
2024-02-17 22:52:23,187 [INFO] Updater:1056 - Updater Version found : 6.10.0
2024-02-17 22:52:23,206 [INFO] ApplicationProperties:184 - Using Application install path: /home/mathi/st/stm32cubeide_1.14.0_2/plugins/com.st.stm32cube.common.mx_6.10.0.202311202037
2024-02-17 22:52:24,337 [INFO] MainUpdater:2873 - connection check result : 10
2024-02-17 22:52:24,337 [INFO] MainUpdater:3567 - Updater definition file requires update
2024-02-17 22:52:24,338 [INFO] MainUpdater:290 - Updater Check For Update Now.
2024-02-17 22:52:24,338 [INFO] MicroXplorer:498 - Change Database Version : DB.6.0.100
2024-02-17 22:52:24,342 [INFO] McuFinderGlobals:63 - Set McuFinder mode to 2 (CubeIDE integrated)
2024-02-17 22:52:24,342 [INFO] UserAuth:180 - activating auth plugin
2024-02-17 22:52:24,345 [INFO] UserAuth:404 - Internet connection configuration mode: 1
2024-02-17 22:52:24,357 [INFO] JxBrowserEngine:152 - Initiate JxBrowser Engine with user profile folder
2024-02-17 22:52:24,386 [INFO] ServerAccessManage:473 - Download File updaters.zip
2024-02-17 22:52:24,504 [INFO] FileExtend:240 - Unzip File : updaters.zip
2024-02-17 22:52:24,504 [INFO] FileExtend:255 - Standard Zip Deflate
2024-02-17 22:52:24,664 [INFO] ServerAccessManage:473 - Download File PacksControlFlags.xml
2024-02-17 22:52:24,710 [INFO] ServerAccessManage:473 - Download File cubemx.pidx
2024-02-17 22:52:24,782 [INFO] LoadServerUpdatesThread:375 - End of LoadServerUpdate Thread
2024-02-17 22:52:24,933 [INFO] CheckServerUpdateThread:120 - End of CheckServer Thread
2024-02-17 22:52:25,208 [INFO] WebApp:161 - Instantiating new browser for Auth
2024-02-17 22:52:25,325 [WARN] PackLoader:240 - Cannot read IP mode file for STMicroelectronics.X-CUBE-SMBUS.2.1.0
2024-02-17 22:52:25,336 [WARN] PackLoader:240 - Cannot read IP mode file for STMicroelectronics.X-CUBE-TOUCHGFX.4.23.0
2024-02-17 22:52:25,363 [WARN] PackLoader:240 - Cannot read IP mode file for STMicroelectronics.X-CUBE-AZRTOS-F7.1.1.0
2024-02-17 22:52:25,374 [WARN] PackLoader:240 - Cannot read IP mode file for STMicroelectronics.FP-SNS-MOTENV1.4.3.2
2024-02-17 22:52:25,382 [WARN] PackLoader:240 - Cannot read IP mode file for STMicroelectronics.FP-SNS-FLIGHT1.5.0.2
2024-02-17 22:52:25,391 [WARN] PackLoader:240 - Cannot read IP mode file for STMicroelectronics.X-CUBE-DISPLAY.3.0.0
2024-02-17 22:52:25,406 [WARN] PackLoader:240 - Cannot read IP mode file for STMicroelectronics.X-CUBE-BLE1.7.0.0
2024-02-17 22:52:25,413 [WARN] PackLoader:240 - Cannot read IP mode file for emotas.I-CUBE-CANOPEN.1.3.0
2024-02-17 22:52:25,418 [WARN] PackLoader:240 - Cannot read IP mode file for STMicroelectronics.FP-SNS-SMARTAG2.1.2.0
2024-02-17 22:52:25,428 [INFO] LogOutputStream:77 - [STDOUT_REDIRECT] 1 : Invalid condition id : UX_CORESTACK_Condition cause : null
2024-02-17 22:52:25,429 [INFO] LogOutputStream:77 - [STDOUT_REDIRECT] 1 : Invalid condition id : UX_CORESTACK_Condition cause : null
2024-02-17 22:52:25,430 [INFO] LogOutputStream:77 - [STDOUT_REDIRECT] 1 : Invalid condition id : UX_CORESTACK_Condition cause : null
2024-02-17 22:52:25,430 [INFO] LogOutputStream:77 - [STDOUT_REDIRECT] 1 : Invalid condition id : UX_CORESTACK_Condition cause : null
2024-02-17 22:52:25,431 [INFO] LogOutputStream:77 - [STDOUT_REDIRECT] 1 : Invalid condition id : UX_CORESTACK_Condition cause : null
2024-02-17 22:52:25,436 [WARN] PackLoader:240 - Cannot read IP mode file for STMicroelectronics.X-CUBE-AZRTOS-WL.2.0.0
2024-02-17 22:52:25,445 [WARN] PackLoader:240 - Cannot read IP mode file for WES.I-CUBE-Cesium.1.3.0
2024-02-17 22:52:25,449 [WARN] PackLoader:240 - Cannot read IP mode file for STMicroelectronics.X-CUBE-BLE2.3.3.0
2024-02-17 22:52:25,455 [WARN] PackLoader:240 - Cannot read IP mode file for STMicroelectronics.X-CUBE-ALGOBUILD.1.3.0
2024-02-17 22:52:25,473 [WARN] PackLoader:240 - Cannot read IP mode file for STMicroelectronics.X-CUBE-AZRTOS-G0.1.1.0
2024-02-17 22:52:25,483 [WARN] PackLoader:240 - Cannot read IP mode file for STMicroelectronics.X-CUBE-NFC4.3.0.0
2024-02-17 22:52:25,495 [WARN] PackLoader:240 - Cannot read IP mode file for STMicroelectronics.X-CUBE-BLEMGR.3.0.0
2024-02-17 22:52:25,501 [WARN] PackLoader:240 - Cannot read IP mode file for STMicroelectronics.FP-ATR-SIGFOX1.3.2.0
2024-02-17 22:52:25,506 [WARN] PackLoader:240 - Cannot read IP mode file for STMicroelectronics.X-CUBE-EEPRMA1.5.1.0
2024-02-17 22:52:25,538 [WARN] PackLoader:240 - Cannot read IP mode file for SEGGER.I-CUBE-embOS.1.3.1
2024-02-17 22:52:25,599 [WARN] PackLoader:240 - Cannot read IP mode file for STMicroelectronics.X-CUBE-GNSS1.6.0.0
2024-02-17 22:52:25,617 [WARN] PackLoader:240 - Cannot read IP mode file for STMicroelectronics.X-CUBE-AZRTOS-F4.1.1.0
2024-02-17 22:52:25,625 [WARN] PackLoader:240 - Cannot read IP mode file for wolfSSL.I-CUBE-wolfSSL.5.6.4
2024-02-17 22:52:25,642 [WARN] PackLoader:240 - Cannot read IP mode file for STMicroelectronics.X-CUBE-AZRTOS-L5.2.0.0
2024-02-17 22:52:25,649 [WARN] PackLoader:240 - Cannot read IP mode file for STMicroelectronics.X-CUBE-EEPRMA1.4.2.0
2024-02-17 22:52:25,656 [WARN] PackLoader:240 - Cannot read IP mode file for ITTIA_DB.I-CUBE-ITTIADB.8.8.0
2024-02-17 22:52:25,659 [WARN] PackLoader:240 - Cannot read IP mode file for STMicroelectronics.X-CUBE-NFC7.1.0.1
2024-02-17 22:52:25,667 [WARN] PackLoader:240 - Cannot read IP mode file for STMicroelectronics.X-CUBE-NFC6.3.0.0
2024-02-17 22:52:25,673 [WARN] PackLoader:240 - Cannot read IP mode file for STMicroelectronics.X-CUBE-AI.8.1.0
2024-02-17 22:52:25,688 [WARN] ConditionMgr:438 - getConditionDescription Invalid condition id : LAN8742 Phy interface Condition cause : null
2024-02-17 22:52:25,688 [WARN] PackLoader:240 - Cannot read IP mode file for STMicroelectronics.X-CUBE-AZRTOS-L4.2.0.0
2024-02-17 22:52:25,690 [WARN] ConditionMgr:1039 - genDependencies : Invalid condition id : LAN8742 Phy interface Condition cause : null
2024-02-17 22:52:25,690 [WARN] ConditionMgr:1039 - genDependencies : Invalid condition id : LAN8742 Phy interface Condition cause : null
2024-02-17 22:52:25,691 [WARN] ConditionMgr:1039 - genDependencies : Invalid condition id : LAN8742 Phy interface Condition cause : null
2024-02-17 22:52:25,697 [WARN] PackLoader:240 - Cannot read IP mode file for STMicroelectronics.X-CUBE-SFXS2LP1.4.0.0
2024-02-17 22:52:25,709 [WARN] ConditionMgr:438 - getConditionDescription Invalid condition id : UX DEVICE CLASS RTOS Condition cause : null
2024-02-17 22:52:25,709 [WARN] ConditionMgr:438 - getConditionDescription Invalid condition id : UX DEVICE CLASS RTOS Condition cause : null
2024-02-17 22:52:25,711 [WARN] PackLoader:240 - Cannot read IP mode file for STMicroelectronics.X-CUBE-AZRTOS-WB.2.0.0
2024-02-17 22:52:25,712 [WARN] ConditionMgr:1039 - genDependencies : Invalid condition id : UX DEVICE CLASS RTOS Condition cause : null
2024-02-17 22:52:25,712 [WARN] ConditionMgr:1039 - genDependencies : Invalid condition id : UX DEVICE CLASS RTOS Condition cause : null
2024-02-17 22:52:25,713 [WARN] ConditionMgr:1039 - genDependencies : Invalid condition id : UX DEVICE CLASS RTOS Condition cause : null
2024-02-17 22:52:25,713 [WARN] ConditionMgr:1039 - genDependencies : Invalid condition id : UX DEVICE CLASS RTOS Condition cause : null
2024-02-17 22:52:25,713 [WARN] ConditionMgr:1039 - genDependencies : Invalid condition id : UX DEVICE CLASS RTOS Condition cause : null
2024-02-17 22:52:25,723 [WARN] PackLoader:240 - Cannot read IP mode file for STMicroelectronics.X-CUBE-SUBG2.5.0.0
2024-02-17 22:52:25,744 [WARN] PackLoader:240 - Cannot read IP mode file for STMicroelectronics.X-CUBE-AZRTOS-G4.2.0.0
2024-02-17 22:52:25,755 [WARN] PackLoader:240 - Cannot read IP mode file for Infineon.AIROC-Wi-Fi-Bluetooth-STM32.1.5.1
2024-02-17 22:52:25,763 [WARN] PackLoader:240 - Cannot read IP mode file for STMicroelectronics.FP-SNS-MOTENVWB1.1.3.1
2024-02-17 22:52:25,767 [WARN] PackLoader:240 - Cannot read IP mode file for STMicroelectronics.X-CUBE-ISPU.2.0.0
2024-02-17 22:52:25,802 [WARN] PackLoader:240 - Cannot read IP mode file for STMicroelectronics.X-CUBE-MEMS1.10.0.0
2024-02-17 22:52:25,847 [INFO] WebApp:780 - Register for checkConnection events
2024-02-17 22:52:25,848 [INFO] WebApp:414 - Apply proxy settings
2024-02-17 22:52:25,848 [INFO] WebApp:499 - Chromium requires no authentication
2024-02-17 22:52:25,856 [INFO] WebApp:442 - Direct internet connection detected
2024-02-17 22:52:25,964 [WARN] PackLoader:240 - Cannot read IP mode file for STMicroelectronics.X-CUBE-FREERTOS.1.1.0
2024-02-17 22:52:25,968 [WARN] PackLoader:240 - Cannot read IP mode file for portGmbH.I-Cube-SoM-uGOAL.1.1.0
2024-02-17 22:52:25,971 [WARN] PackLoader:240 - Cannot read IP mode file for STMicroelectronics.X-CUBE-ALS.1.0.1
2024-02-17 22:52:25,974 [WARN] PackLoader:240 - Cannot read IP mode file for STMicroelectronics.FP-ATR-ASTRA1.2.0.0
2024-02-17 22:52:25,983 [WARN] PackLoader:240 - Cannot read IP mode file for STMicroelectronics.X-CUBE-TOF1.3.4.0
2024-02-17 22:52:26,015 [WARN] PackLoader:240 - Cannot read IP mode file for STMicroelectronics.X-CUBE-AZRTOS-H7.3.2.0
2024-02-17 22:52:26,019 [INFO] ThirdParty:978 - Integrity check success = true
2024-02-17 22:52:26,020 [INFO] IntegrityCheckThread:100 - exiting critical section [integrity check]
2024-02-17 22:52:26,020 [INFO] IntegrityCheckThread:103 - End integrity checks thread
2024-02-17 22:52:26,020 [INFO] WebApp:192 - Starting web application
2024-02-17 22:52:26,020 [INFO] WebApp:544 - Web application path used /home/mathi/st/stm32cubeide_1.14.0_2/plugins/com.st.stm32cube.common.mx_6.10.0.202311202037/db/plugins/mcufinder/reactClient1/index.html
2024-02-17 22:52:46,725 [ERROR] LogOutputStream:75 - [STDERR_REDIRECT] SLF4J: Failed to load class "org.slf4j.impl.StaticLoggerBinder".
2024-02-17 22:52:46,725 [ERROR] LogOutputStream:75 - [STDERR_REDIRECT] SLF4J: Defaulting to no-operation (NOP) logger implementation
2024-02-17 22:52:46,726 [ERROR] LogOutputStream:75 - [STDERR_REDIRECT] SLF4J: See http://www.slf4j.org/codes.html#StaticLoggerBinder for further details.
